<?xml version="1.0" encoding="UTF-8"?>
<testng-results ignored="0" total="1" passed="1" failed="0" skipped="0">
  <reporter-output>
  </reporter-output>
  <suite started-at="2025-06-13T17:51:06 IST" name="Default suite" finished-at="2025-06-13T17:51:14 IST" duration-ms="7857">
    <groups>
    </groups>
    <test started-at="2025-06-13T17:51:06 IST" name="Default test" finished-at="2025-06-13T17:51:14 IST" duration-ms="7857">
      <class name="testCases.RegisterAccountWithBaseClass">
        <test-method is-config="true" signature="setup()[pri:0, instance:testCases.RegisterAccountWithBaseClass@78123e82]" started-at="2025-06-13T17:51:06 IST" name="setup" finished-at="2025-06-13T17:51:09 IST" duration-ms="2863" status="PASS">
          <reporter-output>
          </reporter-output>
        </test-method> <!-- setup -->
        <test-method signature="verify_Account_registration()[pri:0, instance:testCases.RegisterAccountWithBaseClass@78123e82]" started-at="2025-06-13T17:51:09 IST" name="verify_Account_registration" finished-at="2025-06-13T17:51:13 IST" duration-ms="4547" status="PASS">
          <reporter-output>
          </reporter-output>
        </test-method> <!-- verify_Account_registration -->
        <test-method is-config="true" signature="tearDown()[pri:0, instance:testCases.RegisterAccountWithBaseClass@78123e82]" started-at="2025-06-13T17:51:13 IST" name="tearDown" finished-at="2025-06-13T17:51:14 IST" duration-ms="374" status="PASS">
          <reporter-output>
          </reporter-output>
        </test-method> <!-- tearDown -->
      </class> <!-- testCases.RegisterAccountWithBaseClass -->
    </test> <!-- Default test -->
  </suite> <!-- Default suite -->
</testng-results>
