<?xml version="1.0" encoding="UTF-8"?>
<testng-results ignored="0" total="1" passed="1" failed="0" skipped="0">
  <reporter-output>
  </reporter-output>
  <suite started-at="2025-06-15T14:09:51 IST" name="Suite" finished-at="2025-06-15T14:10:00 IST" duration-ms="8910">
    <groups>
    </groups>
    <test started-at="2025-06-15T14:09:51 IST" name="Test" finished-at="2025-06-15T14:10:00 IST" duration-ms="8910">
      <class name="testCases.TC_002AccountResister_RandomDataTest">
        <test-method is-config="true" signature="setup(java.lang.String,java.lang.String)[pri:0, instance:testCases.TC_002AccountResister_RandomDataTest@4efc180e]" started-at="2025-06-15T14:09:51 IST" name="setup" finished-at="2025-06-15T14:09:54 IST" duration-ms="3271" status="PASS">
          <params>
            <param index="0">
              <value>
                <![CDATA[Windows]]>
              </value>
            </param>
            <param index="1">
              <value>
                <![CDATA[chrome]]>
              </value>
            </param>
          </params>
          <reporter-output>
          </reporter-output>
        </test-method> <!-- setup -->
        <test-method signature="verify_Account_registration()[pri:0, instance:testCases.TC_002AccountResister_RandomDataTest@4efc180e]" started-at="2025-06-15T14:09:54 IST" name="verify_Account_registration" finished-at="2025-06-15T14:10:00 IST" duration-ms="5231" status="PASS">
          <reporter-output>
          </reporter-output>
        </test-method> <!-- verify_Account_registration -->
        <test-method is-config="true" signature="tearDown()[pri:0, instance:testCases.TC_002AccountResister_RandomDataTest@4efc180e]" started-at="2025-06-15T14:10:00 IST" name="tearDown" finished-at="2025-06-15T14:10:00 IST" duration-ms="347" status="PASS">
          <reporter-output>
          </reporter-output>
        </test-method> <!-- tearDown -->
      </class> <!-- testCases.TC_002AccountResister_RandomDataTest -->
    </test> <!-- Test -->
  </suite> <!-- Suite -->
</testng-results>
